[2025/05/24 16:46:38.061] INFO | 指定されたモデルパス: VRM\別宮スミレ.vrm
uDesktopMascot.<LoadModelAsync>d__1:MoveNext() (at Assets\Scripts\VRMModel\LoadVRM.cs:59)
Cysharp.Threading.Tasks.CompilerServices.AsyncUniTaskMethodBuilder`1:Start(<LoadModelAsync>d__1&) (at Assets\Plugins\UniTask\Runtime\CompilerServices\AsyncUniTaskMethodBuilder.cs:242)
uDesktopMascot.LoadVRM:LoadModelAsync(String, CancellationToken)
<Start>d__8:MoveNext() (at Assets\Scripts\VRMModel\VRMLoader.cs:23)
System.Runtime.CompilerServices.AsyncVoidMethodBuilder:Start(<Start>d__8&)
VRMLoader:Start()

[2025/05/24 16:46:38.061] INFO | 指定されたモデルファイルをロードします: D:/Users/segfo/Aetherith/Assets/StreamingAssets\VRM\別宮スミレ.vrm
uDesktopMascot.<LoadModelAsync>d__1:MoveNext() (at Assets\Scripts\VRMModel\LoadVRM.cs:67)
Cysharp.Threading.Tasks.CompilerServices.AsyncUniTaskMethodBuilder`1:Start(<LoadModelAsync>d__1&) (at Assets\Plugins\UniTask\Runtime\CompilerServices\AsyncUniTaskMethodBuilder.cs:242)
uDesktopMascot.LoadVRM:LoadModelAsync(String, CancellationToken)
<Start>d__8:MoveNext() (at Assets\Scripts\VRMModel\VRMLoader.cs:23)
System.Runtime.CompilerServices.AsyncVoidMethodBuilder:Start(<Start>d__8&)
VRMLoader:Start()

[2025/05/24 16:47:20.303] INFO | モデルのロードと表示が完了しました: D:/Users/segfo/Aetherith/Assets/StreamingAssets\VRM\別宮スミレ.vrm
uDesktopMascot.<LoadAndDisplayModelFromPath>d__3:MoveNext() (at Assets\Scripts\VRMModel\LoadVRM.cs:146)
Cysharp.Threading.Tasks.CompilerServices.AsyncUniTask`2:Run() (at Assets\Plugins\UniTask\Runtime\CompilerServices\StateMachineRunner.cs:313)
System.Threading.Tasks.AwaitTaskContinuation:InvokeAction(Object)
System.Threading.Tasks.AwaitTaskContinuation:RunCallback(ContextCallback, Object, Task&)
System.Threading.Tasks.SynchronizationContextAwaitTaskContinuation:Run(Task, Boolean)
System.Threading.Tasks.Task:FinishContinuations()
System.Threading.Tasks.Task:FinishStageThree()
System.Threading.Tasks.Task`1:TrySetResult(Vrm10Instance)
System.Runtime.CompilerServices.AsyncTaskMethodBuilder`1:SetResult(Vrm10Instance)
UniVRM10.<LoadPathAsync>d__1:MoveNext() (at Assets\VRM10\Runtime\IO\Vrm10.cs:73)
System.Runtime.CompilerServices.MoveNextRunner:InvokeMoveNext(Object)
System.Threading.ExecutionContext:RunInternal(ExecutionContext, ContextCallback, Object, Boolean)
System.Threading.ExecutionContext:Run(ExecutionContext, ContextCallback, Object, Boolean)
System.Runtime.CompilerServices.MoveNextRunner:Run()
System.Threading.Tasks.AwaitTaskContinuation:InvokeAction(Object)
System.Threading.Tasks.AwaitTaskContinuation:RunCallback(ContextCallback, Object, Task&)
System.Threading.Tasks.SynchronizationContextAwaitTaskContinuation:Run(Task, Boolean)
System.Threading.Tasks.Task:FinishContinuations()
System.Threading.Tasks.Task:FinishStageThree()
System.Threading.Tasks.Task`1:TrySetResult(Vrm10Instance)
System.Runtime.CompilerServices.AsyncTaskMethodBuilder`1:SetResult(Vrm10Instance)
UniVRM10.<LoadAsync>d__4:MoveNext() (at Assets\VRM10\Runtime\IO\Vrm10.cs:241)
System.Runtime.CompilerServices.MoveNextRunner:InvokeMoveNext(Object)
System.Threading.ExecutionContext:RunInternal(ExecutionContext, ContextCallback, Object, Boolean)
System.Threading.ExecutionContext:Run(ExecutionContext, ContextCallback, Object, Boolean)
System.Runtime.CompilerServices.MoveNextRunner:Run()
System.Threading.Tasks.AwaitTaskContinuation:InvokeAction(Object)
System.Threading.Tasks.AwaitTaskContinuation:RunCallback(ContextCallback, Object, Task&)
System.Threading.Tasks.SynchronizationContextAwaitTaskContinuation:Run(Task, Boolean)
System.Threading.Tasks.Task:FinishContinuations()
System.Threading.Tasks.Task:FinishStageThree()
System.Threading.Tasks.Task`1:TrySetResult(Vrm10Instance)
System.Runtime.CompilerServices.AsyncTaskMethodBuilder`1:SetResult(Vrm10Instance)
UniVRM10.<TryLoadingAsVrm10Async>d__5:MoveNext() (at Assets\VRM10\Runtime\IO\Vrm10.cs:282)
System.Runtime.CompilerServices.MoveNextRunner:InvokeMoveNext(Object)
System.Threading.ExecutionContext:RunInternal(ExecutionContext, ContextCallback, Object, Boolean)
System.Threading.ExecutionContext:Run(ExecutionContext, ContextCallback, Object, Boolean)
System.Runtime.CompilerServices.MoveNextRunner:Run()
System.Threading.Tasks.AwaitTaskContinuation:InvokeAction(Object)
System.Threading.Tasks.AwaitTaskContinuation:RunCallback(ContextCallback, Object, Task&)
System.Threading.Tasks.SynchronizationContextAwaitTaskContinuation:Run(Task, Boolean)
System.Threading.Tasks.Task:FinishContinuations()
System.Threading.Tasks.Task:FinishStageThree()
System.Threading.Tasks.Task`1:TrySetResult(Vrm10Instance)
System.Runtime.CompilerServices.AsyncTaskMethodBuilder`1:SetResult(Vrm10Instance)
UniVRM10.<LoadVrm10DataAsync>d__7:MoveNext() (at Assets\VRM10\Runtime\IO\Vrm10.cs:405)
System.Runtime.CompilerServices.MoveNextRunner:InvokeMoveNext(Object)
System.Threading.ExecutionContext:RunInternal(ExecutionContext, ContextCallback, Object, Boolean)
System.Threading.ExecutionContext:Run(ExecutionContext, ContextCallback, Object, Boolean)
System.Runtime.CompilerServices.MoveNextRunner:Run()
System.Threading.Tasks.AwaitTaskContinuation:InvokeAction(Object)
System.Threading.Tasks.AwaitTaskContinuation:RunCallback(ContextCallback, Object, Task&)
System.Threading.Tasks.SynchronizationContextAwaitTaskContinuation:Run(Task, Boolean)
System.Threading.Tasks.Task:FinishContinuations()
System.Threading.Tasks.Task:FinishStageThree()
System.Threading.Tasks.Task`1:TrySetResult(RuntimeGltfInstance)
System.Runtime.CompilerServices.AsyncTaskMethodBuilder`1:SetResult(RuntimeGltfInstance)
UniGLTF.<LoadAsync>d__33:MoveNext() (at Assets\UniGLTF\Runtime\UniGLTF\IO\ImporterContext.cs:143)
System.Runtime.CompilerServices.MoveNextRunner:InvokeMoveNext(Object)
System.Threading.ExecutionContext:RunInternal(ExecutionContext, ContextCallback, Object, Boolean)
System.Threading.ExecutionContext:Run(ExecutionContext, ContextCallback, Object, Boolean)
System.Runtime.CompilerServices.MoveNextRunner:Run()
System.Threading.Tasks.AwaitTaskContinuation:InvokeAction(Object)
System.Threading.Tasks.AwaitTaskContinuation:RunCallback(ContextCallback, Object, Task&)
System.Threading.Tasks.SynchronizationContextAwaitTaskContinuation:Run(Task, Boolean)
System.Threading.Tasks.Task:FinishContinuations()
System.Threading.Tasks.Task:FinishStageThree()
System.Threading.Tasks.Task`1:TrySetResult(VoidTaskResult)
System.Runtime.CompilerServices.AsyncTaskMethodBuilder`1:SetResult(VoidTaskResult)
System.Runtime.CompilerServices.AsyncTaskMethodBuilder`1:SetResult(Task`1)
System.Runtime.CompilerServices.AsyncTaskMethodBuilder:SetResult()
UniVRM10.<FinalizeAsync>d__11:MoveNext() (at Assets\VRM10\Runtime\IO\Vrm10Importer.cs:221)
System.Runtime.CompilerServices.MoveNextRunner:InvokeMoveNext(Object)
System.Threading.ExecutionContext:RunInternal(ExecutionContext, ContextCallback, Object, Boolean)
System.Threading.ExecutionContext:Run(ExecutionContext, ContextCallback, Object, Boolean)
System.Runtime.CompilerServices.MoveNextRunner:Run()
System.Threading.Tasks.AwaitTaskContinuation:InvokeAction(Object)
System.Threading.Tasks.AwaitTaskContinuation:RunCallback(ContextCallback, Object, Task&)
System.Threading.Tasks.SynchronizationContextAwaitTaskContinuation:Run(Task, Boolean)
System.Threading.Tasks.Task:FinishContinuations()
System.Threading.Tasks.Task:FinishStageThree()
System.Threading.Tasks.Task`1:TrySetResult(VoidTaskResult)
System.Runtime.CompilerServices.AsyncTaskMethodBuilder`1:SetResult(VoidTaskResult)
System.Runtime.CompilerServices.AsyncTaskMethodBuilder`1:SetResult(Task`1)
System.Runtime.CompilerServices.AsyncTaskMethodBuilder:SetResult()
UniVRM10.<LoadConstraintAsync>d__18:MoveNext() (at Assets\VRM10\Runtime\IO\Vrm10Importer.cs:708)
System.Runtime.CompilerServices.MoveNextRunner:InvokeMoveNext(Object)
System.Threading.ExecutionContext:RunInternal(ExecutionContext, ContextCallback, Object, Boolean)
System.Threading.ExecutionContext:Run(ExecutionContext, ContextCallback, Object, Boolean)
System.Runtime.CompilerServices.MoveNextRunner:Run()
System.Threading.Tasks.AwaitTaskContinuation:InvokeAction(Object)
System.Threading.Tasks.AwaitTaskContinuation:RunCallback(ContextCallback, Object, Task&)
System.Threading.Tasks.SynchronizationContextAwaitTaskContinuation:Run(Task, Boolean)
System.Threading.Tasks.Task:FinishContinuations()
System.Threading.Tasks.Task:FinishStageThree()
System.Threading.Tasks.Task`1:TrySetResult(Object)
System.Threading.Tasks.TaskCompletionSource`1:TrySetResult(Object)
System.Threading.Tasks.TaskCompletionSource`1:SetResult(Object)
UniGLTF.<>c__DisplayClass4_0:<NextFrame>b__0() (at Assets\UniGLTF\Runtime\UniGLTF\IO\AwaitCaller\RuntimeOnlyAwaitCaller.cs:31)
UniGLTF.TinyManagedTaskScheduler:ManagedUpdate() (at Assets\UniGLTF\Runtime\UniGLTF\IO\AwaitCaller\TinyManagedTaskScheduler.cs:21)
UniGLTF.UnityLoopTaskScheduler:Update() (at Assets\UniGLTF\Runtime\UniGLTF\IO\AwaitCaller\NextFrameTaskScheduler.cs:50)

[2025/05/24 16:47:20.310] INFO | アニメーションコントローラーを設定しました。
uDesktopMascot.LoadVRM:UpdateAnimationController(Animator) (at Assets\Scripts\VRMModel\LoadVRM.cs:37)
<Start>d__8:MoveNext() (at Assets\Scripts\VRMModel\VRMLoader.cs:31)
System.Runtime.CompilerServices.MoveNextRunner:InvokeMoveNext(Object)
System.Threading.ExecutionContext:RunInternal(ExecutionContext, ContextCallback, Object, Boolean)
System.Threading.ExecutionContext:Run(ExecutionContext, ContextCallback, Object, Boolean)
System.Runtime.CompilerServices.MoveNextRunner:Run()
Cysharp.Threading.Tasks.AwaiterActions:Continuation(Object) (at Assets\Plugins\UniTask\Runtime\UniTask.cs:25)
Cysharp.Threading.Tasks.UniTaskCompletionSourceCore`1:TrySetResult(LoadedVRMInfo) (at Assets\Plugins\UniTask\Runtime\UniTaskCompletionSource.cs:139)
Cysharp.Threading.Tasks.CompilerServices.AsyncUniTask`2:SetResult(LoadedVRMInfo) (at Assets\Plugins\UniTask\Runtime\CompilerServices\StateMachineRunner.cs:328)
Cysharp.Threading.Tasks.CompilerServices.AsyncUniTaskMethodBuilder`1:SetResult(LoadedVRMInfo) (at Assets\Plugins\UniTask\Runtime\CompilerServices\AsyncUniTaskMethodBuilder.cs:201)
uDesktopMascot.<LoadModelAsync>d__1:MoveNext() (at Assets\Scripts\VRMModel\LoadVRM.cs:90)
Cysharp.Threading.Tasks.CompilerServices.AsyncUniTask`2:Run() (at Assets\Plugins\UniTask\Runtime\CompilerServices\StateMachineRunner.cs:313)
Cysharp.Threading.Tasks.AwaiterActions:Continuation(Object) (at Assets\Plugins\UniTask\Runtime\UniTask.cs:25)
Cysharp.Threading.Tasks.UniTaskCompletionSourceCore`1:TrySetResult(LoadedVRMInfo) (at Assets\Plugins\UniTask\Runtime\UniTaskCompletionSource.cs:139)
Cysharp.Threading.Tasks.CompilerServices.AsyncUniTask`2:SetResult(LoadedVRMInfo) (at Assets\Plugins\UniTask\Runtime\CompilerServices\StateMachineRunner.cs:328)
Cysharp.Threading.Tasks.CompilerServices.AsyncUniTaskMethodBuilder`1:SetResult(LoadedVRMInfo) (at Assets\Plugins\UniTask\Runtime\CompilerServices\AsyncUniTaskMethodBuilder.cs:201)
uDesktopMascot.<LoadAndDisplayModel>d__2:MoveNext() (at Assets\Scripts\VRMModel\LoadVRM.cs:101)
Cysharp.Threading.Tasks.CompilerServices.AsyncUniTask`2:Run() (at Assets\Plugins\UniTask\Runtime\CompilerServices\StateMachineRunner.cs:313)
Cysharp.Threading.Tasks.AwaiterActions:Continuation(Object) (at Assets\Plugins\UniTask\Runtime\UniTask.cs:25)
Cysharp.Threading.Tasks.UniTaskCompletionSourceCore`1:TrySetResult(LoadedVRMInfo) (at Assets\Plugins\UniTask\Runtime\UniTaskCompletionSource.cs:139)
Cysharp.Threading.Tasks.CompilerServices.AsyncUniTask`2:SetResult(LoadedVRMInfo) (at Assets\Plugins\UniTask\Runtime\CompilerServices\StateMachineRunner.cs:328)
Cysharp.Threading.Tasks.CompilerServices.AsyncUniTaskMethodBuilder`1:SetResult(LoadedVRMInfo) (at Assets\Plugins\UniTask\Runtime\CompilerServices\AsyncUniTaskMethodBuilder.cs:201)
uDesktopMascot.<LoadAndDisplayModelFromPath>d__3:MoveNext() (at Assets\Scripts\VRMModel\LoadVRM.cs:149)
Cysharp.Threading.Tasks.CompilerServices.AsyncUniTask`2:Run() (at Assets\Plugins\UniTask\Runtime\CompilerServices\StateMachineRunner.cs:313)
System.Threading.Tasks.AwaitTaskContinuation:InvokeAction(Object)
System.Threading.Tasks.AwaitTaskContinuation:RunCallback(ContextCallback, Object, Task&)
System.Threading.Tasks.SynchronizationContextAwaitTaskContinuation:Run(Task, Boolean)
System.Threading.Tasks.Task:FinishContinuations()
System.Threading.Tasks.Task:FinishStageThree()
System.Threading.Tasks.Task`1:TrySetResult(Vrm10Instance)
System.Runtime.CompilerServices.AsyncTaskMethodBuilder`1:SetResult(Vrm10Instance)
UniVRM10.<LoadPathAsync>d__1:MoveNext() (at Assets\VRM10\Runtime\IO\Vrm10.cs:73)
System.Runtime.CompilerServices.MoveNextRunner:InvokeMoveNext(Object)
System.Threading.ExecutionContext:RunInternal(ExecutionContext, ContextCallback, Object, Boolean)
System.Threading.ExecutionContext:Run(ExecutionContext, ContextCallback, Object, Boolean)
System.Runtime.CompilerServices.MoveNextRunner:Run()
System.Threading.Tasks.AwaitTaskContinuation:InvokeAction(Object)
System.Threading.Tasks.AwaitTaskContinuation:RunCallback(ContextCallback, Object, Task&)
System.Threading.Tasks.SynchronizationContextAwaitTaskContinuation:Run(Task, Boolean)
System.Threading.Tasks.Task:FinishContinuations()
System.Threading.Tasks.Task:FinishStageThree()
System.Threading.Tasks.Task`1:TrySetResult(Vrm10Instance)
System.Runtime.CompilerServices.AsyncTaskMethodBuilder`1:SetResult(Vrm10Instance)
UniVRM10.<LoadAsync>d__4:MoveNext() (at Assets\VRM10\Runtime\IO\Vrm10.cs:241)
System.Runtime.CompilerServices.MoveNextRunner:InvokeMoveNext(Object)
System.Threading.ExecutionContext:RunInternal(ExecutionContext, ContextCallback, Object, Boolean)
System.Threading.ExecutionContext:Run(ExecutionContext, ContextCallback, Object, Boolean)
System.Runtime.CompilerServices.MoveNextRunner:Run()
System.Threading.Tasks.AwaitTaskContinuation:InvokeAction(Object)
System.Threading.Tasks.AwaitTaskContinuation:RunCallback(ContextCallback, Object, Task&)
System.Threading.Tasks.SynchronizationContextAwaitTaskContinuation:Run(Task, Boolean)
System.Threading.Tasks.Task:FinishContinuations()
System.Threading.Tasks.Task:FinishStageThree()
System.Threading.Tasks.Task`1:TrySetResult(Vrm10Instance)
System.Runtime.CompilerServices.AsyncTaskMethodBuilder`1:SetResult(Vrm10Instance)
UniVRM10.<TryLoadingAsVrm10Async>d__5:MoveNext() (at Assets\VRM10\Runtime\IO\Vrm10.cs:282)
System.Runtime.CompilerServices.MoveNextRunner:InvokeMoveNext(Object)
System.Threading.ExecutionContext:RunInternal(ExecutionContext, ContextCallback, Object, Boolean)
System.Threading.ExecutionContext:Run(ExecutionContext, ContextCallback, Object, Boolean)
System.Runtime.CompilerServices.MoveNextRunner:Run()
System.Threading.Tasks.AwaitTaskContinuation:InvokeAction(Object)
System.Threading.Tasks.AwaitTaskContinuation:RunCallback(ContextCallback, Object, Task&)
System.Threading.Tasks.SynchronizationContextAwaitTaskContinuation:Run(Task, Boolean)
System.Threading.Tasks.Task:FinishContinuations()
System.Threading.Tasks.Task:FinishStageThree()
System.Threading.Tasks.Task`1:TrySetResult(Vrm10Instance)
System.Runtime.CompilerServices.AsyncTaskMethodBuilder`1:SetResult(Vrm10Instance)
UniVRM10.<LoadVrm10DataAsync>d__7:MoveNext() (at Assets\VRM10\Runtime\IO\Vrm10.cs:405)
System.Runtime.CompilerServices.MoveNextRunner:InvokeMoveNext(Object)
System.Threading.ExecutionContext:RunInternal(ExecutionContext, ContextCallback, Object, Boolean)
System.Threading.ExecutionContext:Run(ExecutionContext, ContextCallback, Object, Boolean)
System.Runtime.CompilerServices.MoveNextRunner:Run()
System.Threading.Tasks.AwaitTaskContinuation:InvokeAction(Object)
System.Threading.Tasks.AwaitTaskContinuation:RunCallback(ContextCallback, Object, Task&)
System.Threading.Tasks.SynchronizationContextAwaitTaskContinuation:Run(Task, Boolean)
System.Threading.Tasks.Task:FinishContinuations()
System.Threading.Tasks.Task:FinishStageThree()
System.Threading.Tasks.Task`1:TrySetResult(RuntimeGltfInstance)
System.Runtime.CompilerServices.AsyncTaskMethodBuilder`1:SetResult(RuntimeGltfInstance)
UniGLTF.<LoadAsync>d__33:MoveNext() (at Assets\UniGLTF\Runtime\UniGLTF\IO\ImporterContext.cs:143)
System.Runtime.CompilerServices.MoveNextRunner:InvokeMoveNext(Object)
System.Threading.ExecutionContext:RunInternal(ExecutionContext, ContextCallback, Object, Boolean)
System.Threading.ExecutionContext:Run(ExecutionContext, ContextCallback, Object, Boolean)
System.Runtime.CompilerServices.MoveNextRunner:Run()
System.Threading.Tasks.AwaitTaskContinuation:InvokeAction(Object)
System.Threading.Tasks.AwaitTaskContinuation:RunCallback(ContextCallback, Object, Task&)
System.Threading.Tasks.SynchronizationContextAwaitTaskContinuation:Run(Task, Boolean)
System.Threading.Tasks.Task:FinishContinuations()
System.Threading.Tasks.Task:FinishStageThree()
System.Threading.Tasks.Task`1:TrySetResult(VoidTaskResult)
System.Runtime.CompilerServices.AsyncTaskMethodBuilder`1:SetResult(VoidTaskResult)
System.Runtime.CompilerServices.AsyncTaskMethodBuilder`1:SetResult(Task`1)
System.Runtime.CompilerServices.AsyncTaskMethodBuilder:SetResult()
UniVRM10.<FinalizeAsync>d__11:MoveNext() (at Assets\VRM10\Runtime\IO\Vrm10Importer.cs:221)
System.Runtime.CompilerServices.MoveNextRunner:InvokeMoveNext(Object)
System.Threading.ExecutionContext:RunInternal(ExecutionContext, ContextCallback, Object, Boolean)
System.Threading.ExecutionContext:Run(ExecutionContext, ContextCallback, Object, Boolean)
System.Runtime.CompilerServices.MoveNextRunner:Run()
System.Threading.Tasks.AwaitTaskContinuation:InvokeAction(Object)
System.Threading.Tasks.AwaitTaskContinuation:RunCallback(ContextCallback, Object, Task&)
System.Threading.Tasks.SynchronizationContextAwaitTaskContinuation:Run(Task, Boolean)
System.Threading.Tasks.Task:FinishContinuations()
System.Threading.Tasks.Task:FinishStageThree()
System.Threading.Tasks.Task`1:TrySetResult(VoidTaskResult)
System.Runtime.CompilerServices.AsyncTaskMethodBuilder`1:SetResult(VoidTaskResult)
System.Runtime.CompilerServices.AsyncTaskMethodBuilder`1:SetResult(Task`1)
System.Runtime.CompilerServices.AsyncTaskMethodBuilder:SetResult()
UniVRM10.<LoadConstraintAsync>d__18:MoveNext() (at Assets\VRM10\Runtime\IO\Vrm10Importer.cs:708)
System.Runtime.CompilerServices.MoveNextRunner:InvokeMoveNext(Object)
System.Threading.ExecutionContext:RunInternal(ExecutionContext, ContextCallback, Object, Boolean)
System.Threading.ExecutionContext:Run(ExecutionContext, ContextCallback, Object, Boolean)
System.Runtime.CompilerServices.MoveNextRunner:Run()
System.Threading.Tasks.AwaitTaskContinuation:InvokeAction(Object)
System.Threading.Tasks.AwaitTaskContinuation:RunCallback(ContextCallback, Object, Task&)
System.Threading.Tasks.SynchronizationContextAwaitTaskContinuation:Run(Task, Boolean)
System.Threading.Tasks.Task:FinishContinuations()
System.Threading.Tasks.Task:FinishStageThree()
System.Threading.Tasks.Task`1:TrySetResult(Object)
System.Threading.Tasks.TaskCompletionSource`1:TrySetResult(Object)
System.Threading.Tasks.TaskCompletionSource`1:SetResult(Object)
UniGLTF.<>c__DisplayClass4_0:<NextFrame>b__0() (at Assets\UniGLTF\Runtime\UniGLTF\IO\AwaitCaller\RuntimeOnlyAwaitCaller.cs:31)
UniGLTF.TinyManagedTaskScheduler:ManagedUpdate() (at Assets\UniGLTF\Runtime\UniGLTF\IO\AwaitCaller\TinyManagedTaskScheduler.cs:21)
UniGLTF.UnityLoopTaskScheduler:Update() (at Assets\UniGLTF\Runtime\UniGLTF\IO\AwaitCaller\NextFrameTaskScheduler.cs:50)

